0 verbose cli /usr/local/bin/node /usr/local/bin/npm
1 info using npm@10.8.2
2 info using node@v20.20.0
3 silly config load:file:/usr/local/lib/node_modules/npm/npmrc
4 silly config load:file:/data/.npmrc
5 silly config load:file:/usr/src/node-red/.npmrc
6 silly config load:file:/usr/local/etc/npmrc
7 verbose title npm install node-red-dashboard@3.6.6
8 verbose argv "install" "--no-audit" "--no-update-notifier" "--no-fund" "--save" "--save-prefix" "~" "--omit" "dev" "--engine-strict" "node-red-dashboard@3.6.6"
9 verbose logfile logs-max:10 dir:/data/.npm/_logs/2026-02-24T05_54_29_434Z-
10 verbose logfile /data/.npm/_logs/2026-02-24T05_54_29_434Z-debug-0.log
11 silly packumentCache heap:2078277632 maxSize:519569408 maxEntrySize:259784704
12 silly logfile done cleaning log files
13 silly idealTree buildDeps
14 silly fetch manifest node-red-dashboard@3.6.6
15 silly packumentCache full:https://registry.npmjs.org/node-red-dashboard cache-miss
16 http fetch GET 200 https://registry.npmjs.org/node-red-dashboard 421ms (cache miss)
17 silly packumentCache full:https://registry.npmjs.org/node-red-dashboard set size:undefined disposed:false
18 silly placeDep ROOT node-red-dashboard@3.6.6 OK for: node-red-project@0.0.1 want: 3.6.6
19 silly fetch manifest gridstack@^0.6.4
20 silly packumentCache full:https://registry.npmjs.org/gridstack cache-miss
21 http fetch GET 200 https://registry.npmjs.org/gridstack 219ms (cache miss)
22 silly packumentCache full:https://registry.npmjs.org/gridstack set size:undefined disposed:false
23 silly fetch manifest socket.io@^4.8.1
24 silly packumentCache full:https://registry.npmjs.org/socket.io cache-miss
25 http fetch GET 200 https://registry.npmjs.org/socket.io 40ms (cache miss)
26 silly packumentCache full:https://registry.npmjs.org/socket.io set size:undefined disposed:false
27 silly fetch manifest compression@^1.8.1
28 silly packumentCache full:https://registry.npmjs.org/compression cache-miss
29 http fetch GET 200 https://registry.npmjs.org/compression 217ms (cache miss)
30 silly packumentCache full:https://registry.npmjs.org/compression set size:undefined disposed:false
31 silly fetch manifest serve-static@^1.16.2
32 silly packumentCache full:https://registry.npmjs.org/serve-static cache-miss
33 http fetch GET 200 https://registry.npmjs.org/serve-static 38ms (cache miss)
34 silly packumentCache full:https://registry.npmjs.org/serve-static set size:undefined disposed:false
35 silly placeDep ROOT compression@1.8.1 OK for: node-red-dashboard@3.6.6 want: ^1.8.1
36 silly placeDep ROOT gridstack@0.6.4 OK for: node-red-dashboard@3.6.6 want: ^0.6.4
37 silly placeDep ROOT serve-static@1.16.3 OK for: node-red-dashboard@3.6.6 want: ^1.16.2
38 silly placeDep ROOT socket.io@4.8.3 OK for: node-red-dashboard@3.6.6 want: ^4.8.1
39 silly fetch manifest bytes@3.1.2
40 silly packumentCache full:https://registry.npmjs.org/bytes cache-miss
41 http fetch GET 200 https://registry.npmjs.org/bytes 28ms (cache miss)
42 silly packumentCache full:https://registry.npmjs.org/bytes set size:undefined disposed:false
43 silly fetch manifest compressible@~2.0.18
44 silly packumentCache full:https://registry.npmjs.org/compressible cache-miss
45 http fetch GET 200 https://registry.npmjs.org/compressible 29ms (cache miss)
46 silly packumentCache full:https://registry.npmjs.org/compressible set size:undefined disposed:false
47 silly fetch manifest debug@2.6.9
48 silly packumentCache full:https://registry.npmjs.org/debug cache-miss
49 http fetch GET 200 https://registry.npmjs.org/debug 30ms (cache miss)
50 silly packumentCache full:https://registry.npmjs.org/debug set size:undefined disposed:false
51 silly fetch manifest negotiator@~0.6.4
52 silly packumentCache full:https://registry.npmjs.org/negotiator cache-miss
53 http fetch GET 200 https://registry.npmjs.org/negotiator 34ms (cache miss)
54 silly packumentCache full:https://registry.npmjs.org/negotiator set size:undefined disposed:false
55 silly fetch manifest on-headers@~1.1.0
56 silly packumentCache full:https://registry.npmjs.org/on-headers cache-miss
57 http fetch GET 200 https://registry.npmjs.org/on-headers 50ms (cache miss)
58 silly packumentCache full:https://registry.npmjs.org/on-headers set size:undefined disposed:false
59 silly fetch manifest safe-buffer@5.2.1
60 silly packumentCache full:https://registry.npmjs.org/safe-buffer cache-miss
61 http fetch GET 200 https://registry.npmjs.org/safe-buffer 33ms (cache miss)
62 silly packumentCache full:https://registry.npmjs.org/safe-buffer set size:undefined disposed:false
63 silly fetch manifest vary@~1.1.2
64 silly packumentCache full:https://registry.npmjs.org/vary cache-miss
65 http fetch GET 200 https://registry.npmjs.org/vary 39ms (cache miss)
66 silly packumentCache full:https://registry.npmjs.org/vary set size:undefined disposed:false
67 silly fetch manifest jquery@^1.8 || 2 || 3
68 silly packumentCache full:https://registry.npmjs.org/jquery cache-miss
69 http fetch GET 200 https://registry.npmjs.org/jquery 208ms (cache miss)
70 silly packumentCache full:https://registry.npmjs.org/jquery set size:undefined disposed:false
71 silly fetch manifest send@~0.19.1
72 silly packumentCache full:https://registry.npmjs.org/send cache-miss
73 http fetch GET 200 https://registry.npmjs.org/send 32ms (cache miss)
74 silly packumentCache full:https://registry.npmjs.org/send set size:undefined disposed:false
75 silly fetch manifest parseurl@~1.3.3
76 silly packumentCache full:https://registry.npmjs.org/parseurl cache-miss
77 http fetch GET 200 https://registry.npmjs.org/parseurl 50ms (cache miss)
78 silly packumentCache full:https://registry.npmjs.org/parseurl set size:undefined disposed:false
79 silly fetch manifest encodeurl@~2.0.0
80 silly packumentCache full:https://registry.npmjs.org/encodeurl cache-miss
81 http fetch GET 200 https://registry.npmjs.org/encodeurl 26ms (cache miss)
82 silly packumentCache full:https://registry.npmjs.org/encodeurl set size:undefined disposed:false
83 silly fetch manifest escape-html@~1.0.3
84 silly packumentCache full:https://registry.npmjs.org/escape-html cache-miss
85 http fetch GET 200 https://registry.npmjs.org/escape-html 27ms (cache miss)
86 silly packumentCache full:https://registry.npmjs.org/escape-html set size:undefined disposed:false
87 silly fetch manifest accepts@~1.3.4
88 silly packumentCache full:https://registry.npmjs.org/accepts cache-miss
89 http fetch GET 200 https://registry.npmjs.org/accepts 32ms (cache miss)
90 silly packumentCache full:https://registry.npmjs.org/accepts set size:undefined disposed:false
91 silly fetch manifest base64id@~2.0.0
92 silly packumentCache full:https://registry.npmjs.org/base64id cache-miss
93 http fetch GET 200 https://registry.npmjs.org/base64id 26ms (cache miss)
94 silly packumentCache full:https://registry.npmjs.org/base64id set size:undefined disposed:false
95 silly fetch manifest cors@~2.8.5
96 silly packumentCache full:https://registry.npmjs.org/cors cache-miss
97 http fetch GET 200 https://registry.npmjs.org/cors 30ms (cache miss)
98 silly packumentCache full:https://registry.npmjs.org/cors set size:undefined disposed:false
99 silly fetch manifest debug@~4.4.1
100 silly packumentCache full:https://registry.npmjs.org/debug cache-miss
101 http fetch GET 200 https://registry.npmjs.org/debug 10ms (cache hit)
102 silly packumentCache full:https://registry.npmjs.org/debug set size:195840 disposed:false
103 silly fetch manifest engine.io@~6.6.0
104 silly packumentCache full:https://registry.npmjs.org/engine.io cache-miss
105 http fetch GET 200 https://registry.npmjs.org/engine.io 36ms (cache miss)
106 silly packumentCache full:https://registry.npmjs.org/engine.io set size:undefined disposed:false
107 silly fetch manifest socket.io-adapter@~2.5.2
108 silly packumentCache full:https://registry.npmjs.org/socket.io-adapter cache-miss
109 http fetch GET 200 https://registry.npmjs.org/socket.io-adapter 30ms (cache miss)
110 silly packumentCache full:https://registry.npmjs.org/socket.io-adapter set size:undefined disposed:false
111 silly fetch manifest socket.io-parser@~4.2.4
112 silly packumentCache full:https://registry.npmjs.org/socket.io-parser cache-miss
113 http fetch GET 200 https://registry.npmjs.org/socket.io-parser 32ms (cache miss)
114 silly packumentCache full:https://registry.npmjs.org/socket.io-parser set size:undefined disposed:false
115 silly placeDep ROOT bytes@3.1.2 OK for: compression@1.8.1 want: 3.1.2
116 silly placeDep ROOT compressible@2.0.18 OK for: compression@1.8.1 want: ~2.0.18
117 silly placeDep ROOT debug@2.6.9 OK for: compression@1.8.1 want: 2.6.9
118 silly placeDep ROOT negotiator@0.6.4 OK for: compression@1.8.1 want: ~0.6.4
119 silly placeDep ROOT on-headers@1.1.0 OK for: compression@1.8.1 want: ~1.1.0
120 silly placeDep ROOT safe-buffer@5.2.1 OK for: compression@1.8.1 want: 5.2.1
121 silly placeDep ROOT vary@1.1.2 OK for: compression@1.8.1 want: ~1.1.2
122 silly fetch manifest mime-db@>= 1.43.0 < 2
123 silly packumentCache full:https://registry.npmjs.org/mime-db cache-miss
124 http fetch GET 200 https://registry.npmjs.org/mime-db 35ms (cache miss)
125 silly packumentCache full:https://registry.npmjs.org/mime-db set size:undefined disposed:false
126 silly fetch manifest ms@2.0.0
127 silly packumentCache full:https://registry.npmjs.org/ms cache-miss
128 http fetch GET 200 https://registry.npmjs.org/ms 33ms (cache miss)
129 silly packumentCache full:https://registry.npmjs.org/ms set size:undefined disposed:false
130 silly placeDep ROOT mime-db@1.54.0 OK for: compressible@2.0.18 want: >= 1.43.0 < 2
131 silly placeDep ROOT ms@2.0.0 OK for: debug@2.6.9 want: 2.0.0
132 silly placeDep ROOT jquery@3.7.1 OK for: gridstack@0.6.4 want: ^1.8 || 2 || 3
133 silly placeDep ROOT encodeurl@2.0.0 OK for: serve-static@1.16.3 want: ~2.0.0
134 silly placeDep ROOT escape-html@1.0.3 OK for: serve-static@1.16.3 want: ~1.0.3
135 silly placeDep ROOT parseurl@1.3.3 OK for: serve-static@1.16.3 want: ~1.3.3
136 silly placeDep ROOT send@0.19.2 OK for: serve-static@1.16.3 want: ~0.19.1
137 silly fetch manifest ms@2.1.3
138 silly packumentCache full:https://registry.npmjs.org/ms cache-miss
139 http fetch GET 200 https://registry.npmjs.org/ms 4ms (cache hit)
140 silly packumentCache full:https://registry.npmjs.org/ms set size:92208 disposed:false
141 silly fetch manifest depd@2.0.0
142 silly packumentCache full:https://registry.npmjs.org/depd cache-miss
143 http fetch GET 200 https://registry.npmjs.org/depd 30ms (cache miss)
144 silly packumentCache full:https://registry.npmjs.org/depd set size:undefined disposed:false
145 silly fetch manifest etag@~1.8.1
146 silly packumentCache full:https://registry.npmjs.org/etag cache-miss
147 http fetch GET 200 https://registry.npmjs.org/etag 37ms (cache miss)
148 silly packumentCache full:https://registry.npmjs.org/etag set size:undefined disposed:false
149 silly fetch manifest mime@1.6.0
150 silly packumentCache full:https://registry.npmjs.org/mime cache-miss
151 http fetch GET 200 https://registry.npmjs.org/mime 33ms (cache miss)
152 silly packumentCache full:https://registry.npmjs.org/mime set size:undefined disposed:false
153 silly fetch manifest fresh@~0.5.2
154 silly packumentCache full:https://registry.npmjs.org/fresh cache-miss
155 http fetch GET 200 https://registry.npmjs.org/fresh 42ms (cache miss)
156 silly packumentCache full:https://registry.npmjs.org/fresh set size:undefined disposed:false
157 silly fetch manifest destroy@1.2.0
158 silly packumentCache full:https://registry.npmjs.org/destroy cache-miss
159 http fetch GET 200 https://registry.npmjs.org/destroy 36ms (cache miss)
160 silly packumentCache full:https://registry.npmjs.org/destroy set size:undefined disposed:false
161 silly fetch manifest statuses@~2.0.2
162 silly packumentCache full:https://registry.npmjs.org/statuses cache-miss
163 http fetch GET 200 https://registry.npmjs.org/statuses 30ms (cache miss)
164 silly packumentCache full:https://registry.npmjs.org/statuses set size:undefined disposed:false
165 silly fetch manifest http-errors@~2.0.1
166 silly packumentCache full:https://registry.npmjs.org/http-errors cache-miss
167 http fetch GET 200 https://registry.npmjs.org/http-errors 29ms (cache miss)
168 silly packumentCache full:https://registry.npmjs.org/http-errors set size:undefined disposed:false
169 silly fetch manifest on-finished@~2.4.1
170 silly packumentCache full:https://registry.npmjs.org/on-finished cache-miss
171 http fetch GET 200 https://registry.npmjs.org/on-finished 30ms (cache miss)
172 silly packumentCache full:https://registry.npmjs.org/on-finished set size:undefined disposed:false
173 silly fetch manifest range-parser@~1.2.1
174 silly packumentCache full:https://registry.npmjs.org/range-parser cache-miss
175 http fetch GET 200 https://registry.npmjs.org/range-parser 30ms (cache miss)
176 silly packumentCache full:https://registry.npmjs.org/range-parser set size:undefined disposed:false
177 silly placeDep ROOT depd@2.0.0 OK for: send@0.19.2 want: 2.0.0
178 silly placeDep ROOT destroy@1.2.0 OK for: send@0.19.2 want: 1.2.0
179 silly placeDep ROOT etag@1.8.1 OK for: send@0.19.2 want: ~1.8.1
180 silly placeDep ROOT fresh@0.5.2 OK for: send@0.19.2 want: ~0.5.2
181 silly placeDep ROOT http-errors@2.0.1 OK for: send@0.19.2 want: ~2.0.1
182 silly placeDep ROOT mime@1.6.0 OK for: send@0.19.2 want: 1.6.0
183 silly placeDep node_modules/send ms@2.1.3 OK for: send@0.19.2 want: 2.1.3
184 silly placeDep ROOT on-finished@2.4.1 OK for: send@0.19.2 want: ~2.4.1
185 silly placeDep ROOT range-parser@1.2.1 OK for: send@0.19.2 want: ~1.2.1
186 silly placeDep ROOT statuses@2.0.2 OK for: send@0.19.2 want: ~2.0.2
187 silly fetch manifest setprototypeof@~1.2.0
188 silly packumentCache full:https://registry.npmjs.org/setprototypeof cache-miss
189 http fetch GET 200 https://registry.npmjs.org/setprototypeof 30ms (cache miss)
190 silly packumentCache full:https://registry.npmjs.org/setprototypeof set size:undefined disposed:false
191 silly fetch manifest toidentifier@~1.0.1
192 silly packumentCache full:https://registry.npmjs.org/toidentifier cache-miss
193 http fetch GET 200 https://registry.npmjs.org/toidentifier 29ms (cache miss)
194 silly packumentCache full:https://registry.npmjs.org/toidentifier set size:undefined disposed:false
195 silly fetch manifest ee-first@1.1.1
196 silly packumentCache full:https://registry.npmjs.org/ee-first cache-miss
197 http fetch GET 200 https://registry.npmjs.org/ee-first 26ms (cache miss)
198 silly packumentCache full:https://registry.npmjs.org/ee-first set size:undefined disposed:false
199 silly placeDep ROOT setprototypeof@1.2.0 OK for: http-errors@2.0.1 want: ~1.2.0
200 silly placeDep ROOT toidentifier@1.0.1 OK for: http-errors@2.0.1 want: ~1.0.1
201 silly placeDep ROOT ee-first@1.1.1 OK for: on-finished@2.4.1 want: 1.1.1
202 silly placeDep ROOT accepts@1.3.8 OK for: socket.io@4.8.3 want: ~1.3.4
203 silly placeDep ROOT base64id@2.0.0 OK for: socket.io@4.8.3 want: ~2.0.0
204 silly placeDep ROOT cors@2.8.6 OK for: socket.io@4.8.3 want: ~2.8.5
205 silly placeDep node_modules/socket.io debug@4.4.3 OK for: socket.io@4.8.3 want: ~4.4.1
206 silly placeDep ROOT engine.io@6.6.5 OK for: socket.io@4.8.3 want: ~6.6.0
207 silly placeDep ROOT socket.io-adapter@2.5.6 OK for: socket.io@4.8.3 want: ~2.5.2
208 silly placeDep ROOT socket.io-parser@4.2.5 OK for: socket.io@4.8.3 want: ~4.2.4
209 silly fetch manifest mime-types@~2.1.34
210 silly packumentCache full:https://registry.npmjs.org/mime-types cache-miss
211 http fetch GET 200 https://registry.npmjs.org/mime-types 39ms (cache miss)
212 silly packumentCache full:https://registry.npmjs.org/mime-types set size:undefined disposed:false
213 silly fetch manifest negotiator@0.6.3
214 silly packumentCache full:https://registry.npmjs.org/negotiator cache-miss
215 http fetch GET 200 https://registry.npmjs.org/negotiator 7ms (cache hit)
216 silly packumentCache full:https://registry.npmjs.org/negotiator set size:48046 disposed:false
217 silly fetch manifest object-assign@^4
218 silly packumentCache full:https://registry.npmjs.org/object-assign cache-miss
219 http fetch GET 200 https://registry.npmjs.org/object-assign 32ms (cache miss)
220 silly packumentCache full:https://registry.npmjs.org/object-assign set size:undefined disposed:false
221 silly fetch manifest ms@^2.1.3
222 silly packumentCache full:https://registry.npmjs.org/ms cache-hit
223 silly fetch manifest @types/cors@^2.8.12
224 silly packumentCache full:https://registry.npmjs.org/@types%2fcors cache-miss
225 http fetch GET 200 https://registry.npmjs.org/@types%2fcors 46ms (cache miss)
226 silly packumentCache full:https://registry.npmjs.org/@types%2fcors set size:undefined disposed:false
227 silly fetch manifest cookie@~0.7.2
228 silly packumentCache full:https://registry.npmjs.org/cookie cache-miss
229 http fetch GET 200 https://registry.npmjs.org/cookie 31ms (cache miss)
230 silly packumentCache full:https://registry.npmjs.org/cookie set size:undefined disposed:false
231 silly fetch manifest engine.io-parser@~5.2.1
232 silly packumentCache full:https://registry.npmjs.org/engine.io-parser cache-miss
233 http fetch GET 200 https://registry.npmjs.org/engine.io-parser 32ms (cache miss)
234 silly packumentCache full:https://registry.npmjs.org/engine.io-parser set size:undefined disposed:false
235 silly fetch manifest ws@~8.18.3
236 silly packumentCache full:https://registry.npmjs.org/ws cache-miss
237 http fetch GET 200 https://registry.npmjs.org/ws 37ms (cache miss)
238 silly packumentCache full:https://registry.npmjs.org/ws set size:undefined disposed:false
239 silly fetch manifest @socket.io/component-emitter@~3.1.0
240 silly packumentCache full:https://registry.npmjs.org/@socket.io%2fcomponent-emitter cache-miss
241 http fetch GET 200 https://registry.npmjs.org/@socket.io%2fcomponent-emitter 61ms (cache miss)
242 silly packumentCache full:https://registry.npmjs.org/@socket.io%2fcomponent-emitter set size:undefined disposed:false
243 silly placeDep ROOT mime-types@2.1.35 OK for: accepts@1.3.8 want: ~2.1.34
244 silly placeDep node_modules/accepts negotiator@0.6.3 OK for: accepts@1.3.8 want: 0.6.3
245 silly fetch manifest mime-db@1.52.0
246 silly packumentCache full:https://registry.npmjs.org/mime-db cache-miss
247 http fetch GET 200 https://registry.npmjs.org/mime-db 5ms (cache hit)
248 silly packumentCache full:https://registry.npmjs.org/mime-db set size:164953 disposed:false
249 silly placeDep ROOT object-assign@4.1.1 OK for: cors@2.8.6 want: ^4
250 silly fetch manifest bufferutil@^4.0.1
251 silly packumentCache full:https://registry.npmjs.org/bufferutil cache-miss
252 http fetch GET 200 https://registry.npmjs.org/bufferutil 34ms (cache miss)
253 silly packumentCache full:https://registry.npmjs.org/bufferutil set size:undefined disposed:false
254 silly fetch manifest utf-8-validate@>=5.0.2
255 silly packumentCache full:https://registry.npmjs.org/utf-8-validate cache-miss
256 http fetch GET 200 https://registry.npmjs.org/utf-8-validate 32ms (cache miss)
257 silly packumentCache full:https://registry.npmjs.org/utf-8-validate set size:undefined disposed:false
258 silly placeDep ROOT @types/cors@2.8.19 OK for: engine.io@6.6.5 want: ^2.8.12
259 silly placeDep ROOT cookie@0.7.2 OK for: engine.io@6.6.5 want: ~0.7.2
260 silly placeDep node_modules/engine.io debug@4.4.3 OK for: engine.io@6.6.5 want: ~4.4.1
261 silly placeDep ROOT engine.io-parser@5.2.3 OK for: engine.io@6.6.5 want: ~5.2.1
262 silly placeDep ROOT ws@8.18.3 OK for: engine.io@6.6.5 want: ~8.18.3
263 silly placeDep node_modules/mime-types mime-db@1.52.0 OK for: mime-types@2.1.35 want: 1.52.0
264 silly placeDep node_modules/socket.io-adapter debug@4.4.3 OK for: socket.io-adapter@2.5.6 want: ~4.4.1
265 silly placeDep ROOT @socket.io/component-emitter@3.1.2 OK for: socket.io-parser@4.2.5 want: ~3.1.0
266 silly placeDep node_modules/socket.io-parser debug@4.4.3 OK for: socket.io-parser@4.2.5 want: ~4.4.1
267 silly placeDep node_modules/engine.io ms@2.1.3 OK for: debug@4.4.3 want: ^2.1.3
268 silly placeDep node_modules/socket.io-adapter ms@2.1.3 OK for: debug@4.4.3 want: ^2.1.3
269 silly placeDep node_modules/socket.io-parser ms@2.1.3 OK for: debug@4.4.3 want: ^2.1.3
270 silly placeDep node_modules/socket.io ms@2.1.3 OK for: debug@4.4.3 want: ^2.1.3
271 silly reify moves {}
272 silly tarball no local data for @socket.io/component-emitter@https://registry.npmjs.org/@socket.io/component-emitter/-/component-emitter-3.1.2.tgz. Extracting by manifest.
273 silly tarball no local data for engine.io-parser@https://registry.npmjs.org/engine.io-parser/-/engine.io-parser-5.2.3.tgz. Extracting by manifest.
274 silly tarball no local data for ws@https://registry.npmjs.org/ws/-/ws-8.18.3.tgz. Extracting by manifest.
275 silly tarball no local data for cookie@https://registry.npmjs.org/cookie/-/cookie-0.7.2.tgz. Extracting by manifest.
276 silly tarball no local data for @types/cors@https://registry.npmjs.org/@types/cors/-/cors-2.8.19.tgz. Extracting by manifest.
277 silly tarball no local data for mime-types@https://registry.npmjs.org/mime-types/-/mime-types-2.1.35.tgz. Extracting by manifest.
278 silly tarball no local data for object-assign@https://registry.npmjs.org/object-assign/-/object-assign-4.1.1.tgz. Extracting by manifest.
279 silly tarball no local data for socket.io-parser@https://registry.npmjs.org/socket.io-parser/-/socket.io-parser-4.2.5.tgz. Extracting by manifest.
280 silly tarball no local data for socket.io-adapter@https://registry.npmjs.org/socket.io-adapter/-/socket.io-adapter-2.5.6.tgz. Extracting by manifest.
281 silly tarball no local data for cors@https://registry.npmjs.org/cors/-/cors-2.8.6.tgz. Extracting by manifest.
282 silly tarball no local data for engine.io@https://registry.npmjs.org/engine.io/-/engine.io-6.6.5.tgz. Extracting by manifest.
283 silly tarball no local data for base64id@https://registry.npmjs.org/base64id/-/base64id-2.0.0.tgz. Extracting by manifest.
284 silly tarball no local data for ee-first@https://registry.npmjs.org/ee-first/-/ee-first-1.1.1.tgz. Extracting by manifest.
285 silly tarball no local data for accepts@https://registry.npmjs.org/accepts/-/accepts-1.3.8.tgz. Extracting by manifest.
286 silly tarball no local data for toidentifier@https://registry.npmjs.org/toidentifier/-/toidentifier-1.0.1.tgz. Extracting by manifest.
287 silly tarball no local data for setprototypeof@https://registry.npmjs.org/setprototypeof/-/setprototypeof-1.2.0.tgz. Extracting by manifest.
288 silly tarball no local data for range-parser@https://registry.npmjs.org/range-parser/-/range-parser-1.2.1.tgz. Extracting by manifest.
289 silly tarball no local data for statuses@https://registry.npmjs.org/statuses/-/statuses-2.0.2.tgz. Extracting by manifest.
290 silly tarball no local data for on-finished@https://registry.npmjs.org/on-finished/-/on-finished-2.4.1.tgz. Extracting by manifest.
291 silly tarball no local data for mime@https://registry.npmjs.org/mime/-/mime-1.6.0.tgz. Extracting by manifest.
292 silly tarball no local data for http-errors@https://registry.npmjs.org/http-errors/-/http-errors-2.0.1.tgz. Extracting by manifest.
293 silly tarball no local data for etag@https://registry.npmjs.org/etag/-/etag-1.8.1.tgz. Extracting by manifest.
294 silly tarball no local data for fresh@https://registry.npmjs.org/fresh/-/fresh-0.5.2.tgz. Extracting by manifest.
295 silly tarball no local data for depd@https://registry.npmjs.org/depd/-/depd-2.0.0.tgz. Extracting by manifest.
296 silly tarball no local data for destroy@https://registry.npmjs.org/destroy/-/destroy-1.2.0.tgz. Extracting by manifest.
297 silly tarball no local data for parseurl@https://registry.npmjs.org/parseurl/-/parseurl-1.3.3.tgz. Extracting by manifest.
298 silly tarball no local data for send@https://registry.npmjs.org/send/-/send-0.19.2.tgz. Extracting by manifest.
299 silly tarball no local data for escape-html@https://registry.npmjs.org/escape-html/-/escape-html-1.0.3.tgz. Extracting by manifest.
300 silly tarball no local data for jquery@https://registry.npmjs.org/jquery/-/jquery-3.7.1.tgz. Extracting by manifest.
301 silly tarball no local data for encodeurl@https://registry.npmjs.org/encodeurl/-/encodeurl-2.0.0.tgz. Extracting by manifest.
302 silly tarball no local data for ms@https://registry.npmjs.org/ms/-/ms-2.0.0.tgz. Extracting by manifest.
303 silly tarball no local data for mime-db@https://registry.npmjs.org/mime-db/-/mime-db-1.54.0.tgz. Extracting by manifest.
304 silly tarball no local data for vary@https://registry.npmjs.org/vary/-/vary-1.1.2.tgz. Extracting by manifest.
305 silly tarball no local data for safe-buffer@https://registry.npmjs.org/safe-buffer/-/safe-buffer-5.2.1.tgz. Extracting by manifest.
306 silly tarball no local data for on-headers@https://registry.npmjs.org/on-headers/-/on-headers-1.1.0.tgz. Extracting by manifest.
307 silly tarball no local data for negotiator@https://registry.npmjs.org/negotiator/-/negotiator-0.6.4.tgz. Extracting by manifest.
308 silly tarball no local data for debug@https://registry.npmjs.org/debug/-/debug-2.6.9.tgz. Extracting by manifest.
309 silly tarball no local data for compressible@https://registry.npmjs.org/compressible/-/compressible-2.0.18.tgz. Extracting by manifest.
310 silly tarball no local data for bytes@https://registry.npmjs.org/bytes/-/bytes-3.1.2.tgz. Extracting by manifest.
311 silly tarball no local data for socket.io@https://registry.npmjs.org/socket.io/-/socket.io-4.8.3.tgz. Extracting by manifest.
312 silly tarball no local data for serve-static@https://registry.npmjs.org/serve-static/-/serve-static-1.16.3.tgz. Extracting by manifest.
313 silly tarball no local data for gridstack@https://registry.npmjs.org/gridstack/-/gridstack-0.6.4.tgz. Extracting by manifest.
314 silly tarball no local data for compression@https://registry.npmjs.org/compression/-/compression-1.8.1.tgz. Extracting by manifest.
315 silly tarball no local data for node-red-dashboard@https://registry.npmjs.org/node-red-dashboard/-/node-red-dashboard-3.6.6.tgz. Extracting by manifest.
316 silly tarball no local data for mime-db@https://registry.npmjs.org/mime-db/-/mime-db-1.52.0.tgz. Extracting by manifest.
317 silly tarball no local data for ms@https://registry.npmjs.org/ms/-/ms-2.1.3.tgz. Extracting by manifest.
318 silly tarball no local data for debug@https://registry.npmjs.org/debug/-/debug-4.4.3.tgz. Extracting by manifest.
319 silly tarball no local data for debug@https://registry.npmjs.org/debug/-/debug-4.4.3.tgz. Extracting by manifest.
320 silly tarball no local data for ms@https://registry.npmjs.org/ms/-/ms-2.1.3.tgz. Extracting by manifest.
321 silly tarball no local data for ms@https://registry.npmjs.org/ms/-/ms-2.1.3.tgz. Extracting by manifest.
322 silly tarball no local data for debug@https://registry.npmjs.org/debug/-/debug-4.4.3.tgz. Extracting by manifest.
323 silly tarball no local data for negotiator@https://registry.npmjs.org/negotiator/-/negotiator-0.6.3.tgz. Extracting by manifest.
324 silly tarball no local data for ms@https://registry.npmjs.org/ms/-/ms-2.1.3.tgz. Extracting by manifest.
325 silly tarball no local data for ms@https://registry.npmjs.org/ms/-/ms-2.1.3.tgz. Extracting by manifest.
326 silly tarball no local data for debug@https://registry.npmjs.org/debug/-/debug-4.4.3.tgz. Extracting by manifest.
327 http fetch GET 200 https://registry.npmjs.org/@socket.io/component-emitter/-/component-emitter-3.1.2.tgz 570ms (cache miss)
328 http fetch GET 200 https://registry.npmjs.org/setprototypeof/-/setprototypeof-1.2.0.tgz 600ms (cache miss)
329 http fetch GET 200 https://registry.npmjs.org/range-parser/-/range-parser-1.2.1.tgz 629ms (cache miss)
330 http fetch GET 200 https://registry.npmjs.org/object-assign/-/object-assign-4.1.1.tgz 675ms (cache miss)
331 http fetch GET 200 https://registry.npmjs.org/mime-types/-/mime-types-2.1.35.tgz 702ms (cache miss)
332 http fetch GET 200 https://registry.npmjs.org/base64id/-/base64id-2.0.0.tgz 695ms (cache miss)
333 http fetch GET 200 https://registry.npmjs.org/mime/-/mime-1.6.0.tgz 689ms (cache miss)
334 http fetch GET 200 https://registry.npmjs.org/ee-first/-/ee-first-1.1.1.tgz 696ms (cache miss)
335 http fetch GET 200 https://registry.npmjs.org/toidentifier/-/toidentifier-1.0.1.tgz 703ms (cache miss)
336 http fetch GET 200 https://registry.npmjs.org/destroy/-/destroy-1.2.0.tgz 695ms (cache miss)
337 http fetch GET 200 https://registry.npmjs.org/escape-html/-/escape-html-1.0.3.tgz 694ms (cache miss)
338 http fetch GET 200 https://registry.npmjs.org/etag/-/etag-1.8.1.tgz 710ms (cache miss)
339 http fetch GET 200 https://registry.npmjs.org/parseurl/-/parseurl-1.3.3.tgz 708ms (cache miss)
340 http fetch GET 200 https://registry.npmjs.org/encodeurl/-/encodeurl-2.0.0.tgz 706ms (cache miss)
341 http fetch GET 200 https://registry.npmjs.org/ms/-/ms-2.0.0.tgz 705ms (cache miss)
342 http fetch GET 200 https://registry.npmjs.org/@types/cors/-/cors-2.8.19.tgz 739ms (cache miss)
343 http fetch GET 200 https://registry.npmjs.org/on-finished/-/on-finished-2.4.1.tgz 725ms (cache miss)
344 http fetch GET 200 https://registry.npmjs.org/http-errors/-/http-errors-2.0.1.tgz 724ms (cache miss)
345 http fetch GET 200 https://registry.npmjs.org/fresh/-/fresh-0.5.2.tgz 724ms (cache miss)
346 http fetch GET 200 https://registry.npmjs.org/vary/-/vary-1.1.2.tgz 716ms (cache miss)
347 http fetch GET 200 https://registry.npmjs.org/compressible/-/compressible-2.0.18.tgz 713ms (cache miss)
348 http fetch GET 200 https://registry.npmjs.org/debug/-/debug-4.4.3.tgz 702ms (cache miss)
349 http fetch GET 200 https://registry.npmjs.org/ms/-/ms-2.1.3.tgz 697ms (cache miss)
350 http fetch GET 200 https://registry.npmjs.org/cookie/-/cookie-0.7.2.tgz 756ms (cache miss)
351 http fetch GET 200 https://registry.npmjs.org/accepts/-/accepts-1.3.8.tgz 741ms (cache miss)
352 http fetch GET 200 https://registry.npmjs.org/on-headers/-/on-headers-1.1.0.tgz 726ms (cache miss)
353 http fetch GET 200 https://registry.npmjs.org/bytes/-/bytes-3.1.2.tgz 724ms (cache miss)
354 http fetch GET 200 https://registry.npmjs.org/depd/-/depd-2.0.0.tgz 743ms (cache miss)
355 http fetch GET 200 https://registry.npmjs.org/statuses/-/statuses-2.0.2.tgz 760ms (cache miss)
356 http fetch GET 200 https://registry.npmjs.org/cors/-/cors-2.8.6.tgz 770ms (cache miss)
357 http fetch GET 200 https://registry.npmjs.org/serve-static/-/serve-static-1.16.3.tgz 743ms (cache miss)
358 http fetch GET 200 https://registry.npmjs.org/negotiator/-/negotiator-0.6.3.tgz 743ms (cache miss)
359 http fetch GET 200 https://registry.npmjs.org/ms/-/ms-2.1.3.tgz 755ms (cache miss)
360 http fetch GET 200 https://registry.npmjs.org/ms/-/ms-2.1.3.tgz 752ms (cache miss)
361 http fetch GET 200 https://registry.npmjs.org/ms/-/ms-2.1.3.tgz 752ms (cache miss)
362 http fetch GET 200 https://registry.npmjs.org/ms/-/ms-2.1.3.tgz 749ms (cache miss)
363 http fetch GET 200 https://registry.npmjs.org/socket.io-adapter/-/socket.io-adapter-2.5.6.tgz 804ms (cache miss)
364 http fetch GET 200 https://registry.npmjs.org/compression/-/compression-1.8.1.tgz 773ms (cache miss)
365 http fetch GET 200 https://registry.npmjs.org/safe-buffer/-/safe-buffer-5.2.1.tgz 808ms (cache miss)
366 http fetch GET 200 https://registry.npmjs.org/negotiator/-/negotiator-0.6.4.tgz 812ms (cache miss)
367 http fetch GET 200 https://registry.npmjs.org/send/-/send-0.19.2.tgz 826ms (cache miss)
368 http fetch GET 200 https://registry.npmjs.org/debug/-/debug-4.4.3.tgz 826ms (cache miss)
369 http fetch GET 200 https://registry.npmjs.org/debug/-/debug-4.4.3.tgz 833ms (cache miss)
370 http fetch GET 200 https://registry.npmjs.org/debug/-/debug-4.4.3.tgz 831ms (cache miss)
371 http fetch GET 200 https://registry.npmjs.org/mime-db/-/mime-db-1.52.0.tgz 839ms (cache miss)
372 http fetch GET 200 https://registry.npmjs.org/debug/-/debug-2.6.9.tgz 859ms (cache miss)
373 http fetch GET 200 https://registry.npmjs.org/mime-db/-/mime-db-1.54.0.tgz 868ms (cache miss)
374 http fetch GET 200 https://registry.npmjs.org/socket.io-parser/-/socket.io-parser-4.2.5.tgz 896ms (cache miss)
375 http fetch GET 200 https://registry.npmjs.org/engine.io-parser/-/engine.io-parser-5.2.3.tgz 929ms (cache miss)
376 http fetch GET 200 https://registry.npmjs.org/ws/-/ws-8.18.3.tgz 935ms (cache miss)
377 http fetch GET 200 https://registry.npmjs.org/engine.io/-/engine.io-6.6.5.tgz 949ms (cache miss)
378 http fetch GET 200 https://registry.npmjs.org/gridstack/-/gridstack-0.6.4.tgz 971ms (cache miss)
379 http fetch GET 200 https://registry.npmjs.org/socket.io/-/socket.io-4.8.3.tgz 1009ms (cache miss)
380 http fetch GET 200 https://registry.npmjs.org/jquery/-/jquery-3.7.1.tgz 1065ms (cache miss)
381 http fetch GET 200 https://registry.npmjs.org/node-red-dashboard/-/node-red-dashboard-3.6.6.tgz 1116ms (cache miss)
382 warn deprecated node-red-dashboard@3.6.6: No longer maintained - please look at alternatives such as @flowfuse/node-red-dashboard or node-red-contrib-uibuilder
383 info run node-red-dashboard@3.6.6 postinstall node_modules/node-red-dashboard node fixgrid.js
384 info run node-red-dashboard@3.6.6 postinstall { code: 0, signal: null }
385 silly ADD node_modules/@socket.io/component-emitter
386 silly ADD node_modules/ws
387 silly ADD node_modules/engine.io-parser
388 silly ADD node_modules/cookie
389 silly ADD node_modules/@types/cors
390 silly ADD node_modules/object-assign
391 silly ADD node_modules/mime-types
392 silly ADD node_modules/mime-types/node_modules/mime-db
393 silly ADD node_modules/socket.io-parser
394 silly ADD node_modules/socket.io-parser/node_modules/ms
395 silly ADD node_modules/socket.io-parser/node_modules/debug
396 silly ADD node_modules/socket.io-adapter
397 silly ADD node_modules/socket.io-adapter/node_modules/ms
398 silly ADD node_modules/socket.io-adapter/node_modules/debug
399 silly ADD node_modules/engine.io
400 silly ADD node_modules/engine.io/node_modules/ms
401 silly ADD node_modules/engine.io/node_modules/debug
402 silly ADD node_modules/cors
403 silly ADD node_modules/base64id
404 silly ADD node_modules/accepts
405 silly ADD node_modules/accepts/node_modules/negotiator
406 silly ADD node_modules/ee-first
407 silly ADD node_modules/toidentifier
408 silly ADD node_modules/setprototypeof
409 silly ADD node_modules/statuses
410 silly ADD node_modules/range-parser
411 silly ADD node_modules/on-finished
412 silly ADD node_modules/mime
413 silly ADD node_modules/http-errors
414 silly ADD node_modules/fresh
415 silly ADD node_modules/etag
416 silly ADD node_modules/destroy
417 silly ADD node_modules/depd
418 silly ADD node_modules/send
419 silly ADD node_modules/send/node_modules/ms
420 silly ADD node_modules/parseurl
421 silly ADD node_modules/escape-html
422 silly ADD node_modules/encodeurl
423 silly ADD node_modules/jquery
424 silly ADD node_modules/ms
425 silly ADD node_modules/mime-db
426 silly ADD node_modules/vary
427 silly ADD node_modules/safe-buffer
428 silly ADD node_modules/on-headers
429 silly ADD node_modules/negotiator
430 silly ADD node_modules/debug
431 silly ADD node_modules/compressible
432 silly ADD node_modules/bytes
433 silly ADD node_modules/socket.io
434 silly ADD node_modules/socket.io/node_modules/ms
435 silly ADD node_modules/socket.io/node_modules/debug
436 silly ADD node_modules/serve-static
437 silly ADD node_modules/gridstack
438 silly ADD node_modules/compression
439 silly ADD node_modules/node-red-dashboard
440 verbose cwd /data
441 verbose os Linux 6.17.0-14-generic
442 verbose node v20.20.0
443 verbose npm  v10.8.2
444 verbose exit 0
445 info ok
